<?xml version="1.0" encoding="UTF-8"?>
<testsuite xmlns:xsi="http://www.w3.org/2001/XMLSchema-instance" xsi:noNamespaceSchemaLocation="https://maven.apache.org/surefire/maven-surefire-plugin/xsd/surefire-test-report-3.0.xsd" version="3.0" name="TestSuite" time="15.048" tests="14" errors="0" skipped="0" failures="0">
  <properties>
[...]
</properties>
  <testcase name="testCreateUser" classname="tests.AccountsTest" time="2.845">
    <system-out><![CDATA[Response Body for create user: {"userID":"1cc4e864-b12b-4936-9f34-a5f672a9d743","username":"user1424","books":[]}
]]></system-out>
    <system-err><![CDATA[SLF4J: Failed to load class "org.slf4j.impl.StaticLoggerBinder".
SLF4J: Defaulting to no-operation (NOP) logger implementation
SLF4J: See http://www.slf4j.org/codes.html#StaticLoggerBinder for further details.
]]></system-err>
  </testcase>
  <testcase name="testGenerateToken" classname="tests.AccountsTest" time="1.246">
    <system-out><![CDATA[Response Body for generate token: {"token":"eyJhbGciOiJIUzI1NiIsInR5cCI6IkpXVCJ9.eyJ1c2VyTmFtZSI6InVzZXIxNDI0IiwicGFzc3dvcmQiOiJrYXJhbjFBQCIsImlhdCI6MTc1MTg4NzI3NX0.5juhBWWvkqQqoUHD-1fkC_S75r9r1_4WArK51BeO1U4","expires":"2025-07-14T11:21:15.100Z","status":"Success","result":"User authorized successfully."}
]]></system-out>
  </testcase>
  <testcase name="testUserIsCreated" classname="tests.AccountsTest" time="1.18">
    <system-out><![CDATA[Response Body to check if user present: {"userId":"1cc4e864-b12b-4936-9f34-a5f672a9d743","username":"user1424","books":[]}
]]></system-out>
  </testcase>
  <testcase name="createBookInCollection" classname="tests.BooksTest" time="0.678">
    <system-out><![CDATA[Response Body for create book: {"books":[{"isbn":"9781449325862"}]}
]]></system-out>
  </testcase>
  <testcase name="testGetAllBooks" classname="tests.BooksTest" time="0.535">
    <system-out><![CDATA[Response Body for checking if book created: {"books":[{"isbn":"9781449325862","title":"Git Pocket Guide","subTitle":"A Working Introduction","author":"Richard E. Silverman","publish_date":"2020-06-04T08:48:39.000Z","publisher":"O'Reilly Media","pages":234,"description":"This pocket guide is the perfect on-the-job companion to Git, the distributed version control system. It provides a compact, readable introduction to Git for new users, as well as a reference to common commands and procedures for those of you with Git exp","website":"http://chimera.labs.oreilly.com/books/1230000000561/index.html"},{"isbn":"9781449331818","title":"Learning JavaScript Design Patterns","subTitle":"A JavaScript and jQuery Developer's Guide","author":"Addy Osmani","publish_date":"2020-06-04T09:11:40.000Z","publisher":"O'Reilly Media","pages":254,"description":"With Learning JavaScript Design Patterns, you'll learn how to write beautiful, structured, and maintainable JavaScript by applying classical and modern design patterns to the language. If you want to keep your code efficient, more manageable, and up-to-da","website":"http://www.addyosmani.com/resources/essentialjsdesignpatterns/book/"},{"isbn":"9781449337711","title":"Designing Evolvable Web APIs with ASP.NET","subTitle":"Harnessing the Power of the Web","author":"Glenn Block et al.","publish_date":"2020-06-04T09:12:43.000Z","publisher":"O'Reilly Media","pages":238,"description":"Design and build Web APIs for a broad range of clients—including browsers and mobile devices—that can adapt to change over time. This practical, hands-on guide takes you through the theory and tools you need to build evolvable HTTP services with Microsoft","website":"http://chimera.labs.oreilly.com/books/1234000001708/index.html"},{"isbn":"9781449365035","title":"Speaking JavaScript","subTitle":"An In-Depth Guide for Programmers","author":"Axel Rauschmayer","publish_date":"2014-02-01T00:00:00.000Z","publisher":"O'Reilly Media","pages":460,"description":"Like it or not, JavaScript is everywhere these days-from browser to server to mobile-and now you, too, need to learn the language or dive deeper than you have. This concise book guides you into and through JavaScript, written by a veteran programmer who o","website":"http://speakingjs.com/"},{"isbn":"9781491904244","title":"You Don't Know JS","subTitle":"ES6 & Beyond","author":"Kyle Simpson","publish_date":"2015-12-27T00:00:00.000Z","publisher":"O'Reilly Media","pages":278,"description":"No matter how much experience you have with JavaScript, odds are you don’t fully understand the language. As part of the \\\"You Don’t Know JS\\\" series, this compact guide focuses on new features available in ECMAScript 6 (ES6), the latest version of the st","website":"https://github.com/getify/You-Dont-Know-JS/tree/master/es6%20&%20beyond"},{"isbn":"9781491950296","title":"Programming JavaScript Applications","subTitle":"Robust Web Architecture with Node, HTML5, and Modern JS Libraries","author":"Eric Elliott","publish_date":"2014-07-01T00:00:00.000Z","publisher":"O'Reilly Media","pages":254,"description":"Take advantage of JavaScript's power to build robust web-scale or enterprise applications that are easy to extend and maintain. By applying the design patterns outlined in this practical book, experienced JavaScript developers will learn how to write flex","website":"http://chimera.labs.oreilly.com/books/1234000000262/index.html"},{"isbn":"9781593275846","title":"Eloquent JavaScript, Second Edition","subTitle":"A Modern Introduction to Programming","author":"Marijn Haverbeke","publish_date":"2014-12-14T00:00:00.000Z","publisher":"No Starch Press","pages":472,"description":"JavaScript lies at the heart of almost every modern web application, from social apps to the newest browser-based games. Though simple for beginners to pick up and play with, JavaScript is a flexible, complex language that you can use to build full-scale ","website":"http://eloquentjavascript.net/"},{"isbn":"9781593277574","title":"Understanding ECMAScript 6","subTitle":"The Definitive Guide for JavaScript Developers","author":"Nicholas C. Zakas","publish_date":"2016-09-03T00:00:00.000Z","publisher":"No Starch Press","pages":352,"description":"ECMAScript 6 represents the biggest update to the core of JavaScript in the history of the language. In Understanding ECMAScript 6, expert developer Nicholas C. Zakas provides a complete guide to the object types, syntax, and other exciting changes that E","website":"https://leanpub.com/understandinges6/read"}]}
]]></system-out>
  </testcase>
  <testcase name="updateBookInCollection" classname="tests.BooksTest" time="0.746">
    <system-out><![CDATA[Response Body for update books: {"code":"1206","message":"ISBN supplied is not available in User's Collection!"}
]]></system-out>
  </testcase>
  <testcase name="deleteBookFromCollection" classname="tests.BooksTest" time="0.709">
    <system-out><![CDATA[Token used: eyJhbGciOiJIUzI1NiIsInR5cCI6IkpXVCJ9.eyJ1c2VyTmFtZSI6InVzZXIxNDI0IiwicGFzc3dvcmQiOiJrYXJhbjFBQCIsImlhdCI6MTc1MTg4NzI3NX0.5juhBWWvkqQqoUHD-1fkC_S75r9r1_4WArK51BeO1U4
User Id used: 1cc4e864-b12b-4936-9f34-a5f672a9d743
Response Body for delete book: 
DELETE response is empty as expected.
]]></system-out>
  </testcase>
  <testcase name="checkIfBookDeleted" classname="tests.BooksTest" time="0.588">
    <system-out><![CDATA[User collection after deletion: {"userId":"1cc4e864-b12b-4936-9f34-a5f672a9d743","username":"user1424","books":[]}
]]></system-out>
  </testcase>
  <testcase name="createBookInCollection" classname="tests.NegativeTest" time="0.502">
    <system-out><![CDATA[Response Body for create book without authorisation: {"code":"1200","message":"User not authorized!"}
]]></system-out>
  </testcase>
  <testcase name="deleteBookFromCollection" classname="tests.NegativeTest" time="0.511">
    <system-out><![CDATA[Response Body for delete books without passing userid: {"code":"1207","message":"User Id not correct!"}
]]></system-out>
  </testcase>
  <testcase name="testCreateUserWithWeakPassword" classname="tests.NegativeTest" time="0.515">
    <system-out><![CDATA[Response Body for create user with weak password: {"code":"1300","message":"Passwords must have at least one non alphanumeric character, one digit ('0'-'9'), one uppercase ('A'-'Z'), one lowercase ('a'-'z'), one special character and Password must be eight characters or longer."}
]]></system-out>
  </testcase>
  <testcase name="testGenerateTokenInvalidCredentials" classname="tests.NegativeTest" time="1.97">
    <system-out><![CDATA[Response Body for generate token with invalid credentials: {"token":null,"expires":null,"status":"Failed","result":"User authorization failed."}
]]></system-out>
  </testcase>
  <testcase name="testUserIsCreated" classname="tests.NegativeTest" time="0.484">
    <system-out><![CDATA[Response Body for get user with invalid userid: {"code":"1200","message":"User not authorized!"}
]]></system-out>
  </testcase>
  <testcase name="updateBookInCollection" classname="tests.NegativeTest" time="0.507">
    <system-out><![CDATA[Response Body for update books with no ISBN: {"code":"1207","message":"Request Body is Invalid!"}
]]></system-out>
  </testcase>
</testsuite>