<?xml version="1.0" encoding="UTF-8"?>
<testsuite xmlns:xsi="http://www.w3.org/2001/XMLSchema-instance" xsi:noNamespaceSchemaLocation="https://maven.apache.org/surefire/maven-surefire-plugin/xsd/surefire-test-report-3.0.xsd" version="3.0" name="TestSuite" time="2.226" tests="1" errors="0" skipped="0" failures="0">
  <properties>
[...]
</properties>
  <testcase name="runScenario[&quot;Get user by ID&quot;, &quot;Sample API Test&quot;](1)" classname="runner.TestRunner" time="1.428">
    <system-out><![CDATA[
Scenario: Get user by ID                          # src/test/java/resource/sample.feature:3
  Given I send a GET request                      # step.ApiSteps.iSendAGetRequestTo()
  Then the response status code should be 200     # step.ApiSteps.theResponseStatusCodeShouldBe(int)
  And the response should contain "Leanne Graham" # step.ApiSteps.theResponseShouldContain(java.lang.String)
]]></system-out>
    <system-err><![CDATA[SLF4J: Failed to load class "org.slf4j.impl.StaticLoggerBinder".
SLF4J: Defaulting to no-operation (NOP) logger implementation
SLF4J: See http://www.slf4j.org/codes.html#StaticLoggerBinder for further details.
]]></system-err>
  </testcase>
</testsuite>