<?xml version="1.0" encoding="UTF-8"?>
<!-- Generated by org.testng.reporters.JUnitXMLReporter -->
<testsuite ignored="4" hostname="DESKTOP-3RBOU9C" failures="0" tests="14" name="API Tests" time="13.06" errors="0" timestamp="2025-07-07T16:51:25 IST">
  <testcase classname="tests.AccountsTest" name="testCreateUser" time="2.844"/>
  <testcase classname="tests.AccountsTest" name="testGenerateToken" time="1.245"/>
  <testcase classname="tests.AccountsTest" name="testUserIsCreated" time="1.178"/>
  <testcase classname="tests.BooksTest" name="createBookInCollection" time="0.679"/>
  <testcase classname="tests.BooksTest" name="testGetAllBooks" time="0.534"/>
  <testcase classname="tests.BooksTest" name="updateBookInCollection" time="0.745"/>
  <testcase classname="tests.BooksTest" name="deleteBookFromCollection" time="0.71"/>
  <testcase classname="tests.BooksTest" name="checkIfBookDeleted" time="0.577"/>
  <testcase classname="tests.NegativeTest" name="createBookInCollection" time="0.51"/>
  <testcase classname="tests.NegativeTest" name="deleteBookFromCollection" time="0.501"/>
  <testcase classname="tests.NegativeTest" name="testCreateUserWithWeakPassword" time="0.513"/>
  <testcase classname="tests.NegativeTest" name="testGenerateTokenInvalidCredentials" time="1.97"/>
  <testcase classname="tests.NegativeTest" name="testUserIsCreated" time="0.495"/>
  <testcase classname="tests.NegativeTest" name="updateBookInCollection" time="0.506"/>
  <testcase classname="base.BaseTest" name="@AfterSuite tearDown" time="0.0">
    <ignored/>
  </testcase> <!-- @AfterSuite tearDown -->
  <testcase classname="base.BaseTest" name="@BeforeSuite init" time="0.0">
    <ignored/>
  </testcase> <!-- @BeforeSuite init -->
  <testcase classname="base.BaseTest" name="@AfterSuite tearDown" time="0.0">
    <ignored/>
  </testcase> <!-- @AfterSuite tearDown -->
  <testcase classname="base.BaseTest" name="@BeforeSuite init" time="0.0">
    <ignored/>
  </testcase> <!-- @BeforeSuite init -->
</testsuite> <!-- API Tests -->
